# JRE version: Java(TM) SE Runtime Environment (18.0.1.1+2) (build 18.0.1.1+2-6)
# Java VM: Java HotSpot(TM) 64-Bit Server VM (18.0.1.1+2-6, mixed mode, sharing, tiered, compressed oops, compressed class ptrs, g1 gc, windows-amd64)
GC Precious Log:
 CardTable entry size: 512
 Card Set container configuration: InlinePtr #cards 4 size 8 Array Of Cards #cards 16 size 48 Howl #buckets 8 coarsen threshold 3686 Howl Bitmap #cards 512 size 80 coarsen threshold 460 Card regions per heap region 1 cards per card region 4096
 CPUs: 8 total, 8 available
 Memory: 15742M
 Large Page Support: Disabled
 NUMA Support: Disabled
 Compressed Oops: Enabled (Zero based)
 Heap Region Size: 2M
 Heap Min Capacity: 8M
 Heap Initial Capacity: 246M
 Heap Max Capacity: 3936M
 Pre-touch: Disabled
 Parallel Workers: 8
 Concurrent Workers: 2
 Concurrent Refinement Workers: 8
 Periodic GC: Disabled
Heap:
 garbage-first heap   total 251904K, used 109646K [0x000000070a000000, 0x0000000800000000)
  region size 2048K, 1 young (2048K), 1 survivors (2048K)
 Metaspace       used 7384K, committed 7616K, reserved 1114112K
  class space    used 746K, committed 896K, reserved 1048576K
GC Heap History (17 events):
Event: 2.992 GC heap before
{Heap before GC invocations=0 (full 0):
 garbage-first heap   total 251904K, used 129024K [0x000000070a000000, 0x0000000800000000)
  region size 2048K, 9 young (18432K), 0 survivors (0K)
 Metaspace       used 7114K, committed 7360K, reserved 1114112K
  class space    used 746K, committed 896K, reserved 1048576K
}
Event: 3.000 GC heap after
{Heap after GC invocations=1 (full 0):
 garbage-first heap   total 251904K, used 115863K [0x000000070a000000, 0x0000000800000000)
  region size 2048K, 2 young (4096K), 2 survivors (4096K)
 Metaspace       used 7114K, committed 7360K, reserved 1114112K
  class space    used 746K, committed 896K, reserved 1048576K
}
Event: 3.009 GC heap before
{Heap before GC invocations=1 (full 0):
 garbage-first heap   total 251904K, used 117911K [0x000000070a000000, 0x0000000800000000)
  region size 2048K, 3 young (6144K), 2 survivors (4096K)
 Metaspace       used 7117K, committed 7360K, reserved 1114112K
  class space    used 746K, committed 896K, reserved 1048576K
}
Event: 3.015 GC heap after
{Heap after GC invocations=2 (full 0):
 garbage-first heap   total 251904K, used 7595K [0x000000070a000000, 0x0000000800000000)
  region size 2048K, 1 young (2048K), 1 survivors (2048K)
 Metaspace       used 7117K, committed 7360K, reserved 1114112K
  class space    used 746K, committed 896K, reserved 1048576K
}
Event: 3.859 GC heap before
{Heap before GC invocations=2 (full 0):
 garbage-first heap   total 251904K, used 112043K [0x000000070a000000, 0x0000000800000000)
  region size 2048K, 2 young (4096K), 1 survivors (2048K)
 Metaspace       used 7179K, committed 7424K, reserved 1114112K
  class space    used 746K, committed 896K, reserved 1048576K
}
Event: 3.860 GC heap after
{Heap after GC invocations=3 (full 0):
 garbage-first heap   total 251904K, used 111726K [0x000000070a000000, 0x0000000800000000)
  region size 2048K, 1 young (2048K), 1 survivors (2048K)
 Metaspace       used 7179K, committed 7424K, reserved 1114112K
  class space    used 746K, committed 896K, reserved 1048576K
}
Event: 3.875 GC heap before
{Heap before GC invocations=3 (full 0):
 garbage-first heap   total 251904K, used 113774K [0x000000070a000000, 0x0000000800000000)
  region size 2048K, 2 young (4096K), 1 survivors (2048K)
 Metaspace       used 7179K, committed 7424K, reserved 1114112K
  class space    used 746K, committed 896K, reserved 1048576K
}
Event: 3.876 GC heap after
{Heap after GC invocations=4 (full 0):
 garbage-first heap   total 251904K, used 11337K [0x000000070a000000, 0x0000000800000000)
  region size 2048K, 1 young (2048K), 1 survivors (2048K)
 Metaspace       used 7179K, committed 7424K, reserved 1114112K
  class space    used 746K, committed 896K, reserved 1048576K
}
Event: 4.692 GC heap before
{Heap before GC invocations=4 (full 0):
 garbage-first heap   total 251904K, used 113737K [0x000000070a000000, 0x0000000800000000)
  region size 2048K, 3 young (6144K), 1 survivors (2048K)
 Metaspace       used 7218K, committed 7424K, reserved 1114112K
  class space    used 746K, committed 896K, reserved 1048576K
}
Event: 4.693 GC heap after
{Heap after GC invocations=5 (full 0):
 garbage-first heap   total 251904K, used 109640K [0x000000070a000000, 0x0000000800000000)
  region size 2048K, 1 young (2048K), 1 survivors (2048K)
 Metaspace       used 7218K, committed 7424K, reserved 1114112K
  class space    used 746K, committed 896K, reserved 1048576K
}
Event: 4.708 GC heap before
{Heap before GC invocations=5 (full 0):
 garbage-first heap   total 251904K, used 113736K [0x000000070a000000, 0x0000000800000000)
  region size 2048K, 3 young (6144K), 1 survivors (2048K)
 Metaspace       used 7218K, committed 7424K, reserved 1114112K
  class space    used 746K, committed 896K, reserved 1048576K
}
Event: 4.710 GC heap after
{Heap after GC invocations=6 (full 0):
 garbage-first heap   total 251904K, used 11328K [0x000000070a000000, 0x0000000800000000)
  region size 2048K, 1 young (2048K), 1 survivors (2048K)
 Metaspace       used 7218K, committed 7424K, reserved 1114112K
  class space    used 746K, committed 896K, reserved 1048576K
}
Event: 5.525 GC heap before
{Heap before GC invocations=6 (full 0):
 garbage-first heap   total 251904K, used 113728K [0x000000070a000000, 0x0000000800000000)
  region size 2048K, 3 young (6144K), 1 survivors (2048K)
 Metaspace       used 7289K, committed 7488K, reserved 1114112K
  class space    used 746K, committed 896K, reserved 1048576K
}
Event: 5.526 GC heap after
{Heap after GC invocations=7 (full 0):
 garbage-first heap   total 251904K, used 109640K [0x000000070a000000, 0x0000000800000000)
  region size 2048K, 1 young (2048K), 1 survivors (2048K)
 Metaspace       used 7289K, committed 7488K, reserved 1114112K
  class space    used 746K, committed 896K, reserved 1048576K
}
Event: 5.542 GC heap before
{Heap before GC invocations=7 (full 0):
 garbage-first heap   total 251904K, used 113736K [0x000000070a000000, 0x0000000800000000)
  region size 2048K, 3 young (6144K), 1 survivors (2048K)
 Metaspace       used 7290K, committed 7488K, reserved 1114112K
  class space    used 746K, committed 896K, reserved 1048576K
}
Event: 5.543 GC heap after
{Heap after GC invocations=8 (full 0):
 garbage-first heap   total 251904K, used 11330K [0x000000070a000000, 0x0000000800000000)
  region size 2048K, 1 young (2048K), 1 survivors (2048K)
 Metaspace       used 7290K, committed 7488K, reserved 1114112K
  class space    used 746K, committed 896K, reserved 1048576K
}
Event: 6.358 GC heap before
{Heap before GC invocations=8 (full 0):
 garbage-first heap   total 251904K, used 113730K [0x000000070a000000, 0x0000000800000000)
  region size 2048K, 3 young (6144K), 1 survivors (2048K)
 Metaspace       used 7384K, committed 7616K, reserved 1114112K
  class space    used 746K, committed 896K, reserved 1048576K
}

