# JRE version: Java(TM) SE Runtime Environment (18.0.1.1+2) (build 18.0.1.1+2-6)
# Java VM: Java HotSpot(TM) 64-Bit Server VM (18.0.1.1+2-6, mixed mode, sharing, tiered, compressed oops, compressed class ptrs, g1 gc, windows-amd64)
GC Precious Log:
 CardTable entry size: 512
 Card Set container configuration: InlinePtr #cards 4 size 8 Array Of Cards #cards 16 size 48 Howl #buckets 8 coarsen threshold 3686 Howl Bitmap #cards 512 size 80 coarsen threshold 460 Card regions per heap region 1 cards per card region 4096
 CPUs: 8 total, 8 available
 Memory: 15742M
 Large Page Support: Disabled
 NUMA Support: Disabled
 Compressed Oops: Enabled (Zero based)
 Heap Region Size: 2M
 Heap Min Capacity: 8M
 Heap Initial Capacity: 246M
 Heap Max Capacity: 3936M
 Pre-touch: Disabled
 Parallel Workers: 8
 Concurrent Workers: 2
 Concurrent Refinement Workers: 8
 Periodic GC: Disabled
Heap:
 garbage-first heap   total 251904K, used 109641K [0x000000070a000000, 0x0000000800000000)
  region size 2048K, 1 young (2048K), 1 survivors (2048K)
 Metaspace       used 7346K, committed 7552K, reserved 1114112K
  class space    used 745K, committed 896K, reserved 1048576K
GC Heap History (17 events):
Event: 2.430 GC heap before
{Heap before GC invocations=0 (full 0):
 garbage-first heap   total 251904K, used 129024K [0x000000070a000000, 0x0000000800000000)
  region size 2048K, 9 young (18432K), 0 survivors (0K)
 Metaspace       used 7084K, committed 7296K, reserved 1114112K
  class space    used 745K, committed 896K, reserved 1048576K
}
Event: 2.437 GC heap after
{Heap after GC invocations=1 (full 0):
 garbage-first heap   total 251904K, used 115848K [0x000000070a000000, 0x0000000800000000)
  region size 2048K, 2 young (4096K), 2 survivors (4096K)
 Metaspace       used 7084K, committed 7296K, reserved 1114112K
  class space    used 745K, committed 896K, reserved 1048576K
}
Event: 2.446 GC heap before
{Heap before GC invocations=1 (full 0):
 garbage-first heap   total 251904K, used 117896K [0x000000070a000000, 0x0000000800000000)
  region size 2048K, 3 young (6144K), 2 survivors (4096K)
 Metaspace       used 7087K, committed 7296K, reserved 1114112K
  class space    used 745K, committed 896K, reserved 1048576K
}
Event: 2.452 GC heap after
{Heap after GC invocations=2 (full 0):
 garbage-first heap   total 251904K, used 7514K [0x000000070a000000, 0x0000000800000000)
  region size 2048K, 1 young (2048K), 1 survivors (2048K)
 Metaspace       used 7087K, committed 7296K, reserved 1114112K
  class space    used 745K, committed 896K, reserved 1048576K
}
Event: 3.296 GC heap before
{Heap before GC invocations=2 (full 0):
 garbage-first heap   total 251904K, used 111962K [0x000000070a000000, 0x0000000800000000)
  region size 2048K, 2 young (4096K), 1 survivors (2048K)
 Metaspace       used 7154K, committed 7360K, reserved 1114112K
  class space    used 745K, committed 896K, reserved 1048576K
}
Event: 3.297 GC heap after
{Heap after GC invocations=3 (full 0):
 garbage-first heap   total 251904K, used 111794K [0x000000070a000000, 0x0000000800000000)
  region size 2048K, 1 young (2048K), 1 survivors (2048K)
 Metaspace       used 7154K, committed 7360K, reserved 1114112K
  class space    used 745K, committed 896K, reserved 1048576K
}
Event: 3.313 GC heap before
{Heap before GC invocations=3 (full 0):
 garbage-first heap   total 251904K, used 113842K [0x000000070a000000, 0x0000000800000000)
  region size 2048K, 2 young (4096K), 1 survivors (2048K)
 Metaspace       used 7154K, committed 7360K, reserved 1114112K
  class space    used 745K, committed 896K, reserved 1048576K
}
Event: 3.314 GC heap after
{Heap after GC invocations=4 (full 0):
 garbage-first heap   total 251904K, used 11340K [0x000000070a000000, 0x0000000800000000)
  region size 2048K, 1 young (2048K), 1 survivors (2048K)
 Metaspace       used 7154K, committed 7360K, reserved 1114112K
  class space    used 745K, committed 896K, reserved 1048576K
}
Event: 4.129 GC heap before
{Heap before GC invocations=4 (full 0):
 garbage-first heap   total 251904K, used 113740K [0x000000070a000000, 0x0000000800000000)
  region size 2048K, 3 young (6144K), 1 survivors (2048K)
 Metaspace       used 7197K, committed 7424K, reserved 1114112K
  class space    used 745K, committed 896K, reserved 1048576K
}
Event: 4.131 GC heap after
{Heap after GC invocations=5 (full 0):
 garbage-first heap   total 251904K, used 109635K [0x000000070a000000, 0x0000000800000000)
  region size 2048K, 1 young (2048K), 1 survivors (2048K)
 Metaspace       used 7197K, committed 7424K, reserved 1114112K
  class space    used 745K, committed 896K, reserved 1048576K
}
Event: 4.146 GC heap before
{Heap before GC invocations=5 (full 0):
 garbage-first heap   total 251904K, used 113731K [0x000000070a000000, 0x0000000800000000)
  region size 2048K, 3 young (6144K), 1 survivors (2048K)
 Metaspace       used 7198K, committed 7424K, reserved 1114112K
  class space    used 745K, committed 896K, reserved 1048576K
}
Event: 4.147 GC heap after
{Heap after GC invocations=6 (full 0):
 garbage-first heap   total 251904K, used 11323K [0x000000070a000000, 0x0000000800000000)
  region size 2048K, 1 young (2048K), 1 survivors (2048K)
 Metaspace       used 7198K, committed 7424K, reserved 1114112K
  class space    used 745K, committed 896K, reserved 1048576K
}
Event: 4.963 GC heap before
{Heap before GC invocations=6 (full 0):
 garbage-first heap   total 251904K, used 113723K [0x000000070a000000, 0x0000000800000000)
  region size 2048K, 3 young (6144K), 1 survivors (2048K)
 Metaspace       used 7254K, committed 7488K, reserved 1114112K
  class space    used 745K, committed 896K, reserved 1048576K
}
Event: 4.964 GC heap after
{Heap after GC invocations=7 (full 0):
 garbage-first heap   total 251904K, used 109631K [0x000000070a000000, 0x0000000800000000)
  region size 2048K, 1 young (2048K), 1 survivors (2048K)
 Metaspace       used 7254K, committed 7488K, reserved 1114112K
  class space    used 745K, committed 896K, reserved 1048576K
}
Event: 4.979 GC heap before
{Heap before GC invocations=7 (full 0):
 garbage-first heap   total 251904K, used 113727K [0x000000070a000000, 0x0000000800000000)
  region size 2048K, 3 young (6144K), 1 survivors (2048K)
 Metaspace       used 7254K, committed 7488K, reserved 1114112K
  class space    used 745K, committed 896K, reserved 1048576K
}
Event: 4.981 GC heap after
{Heap after GC invocations=8 (full 0):
 garbage-first heap   total 251904K, used 11323K [0x000000070a000000, 0x0000000800000000)
  region size 2048K, 1 young (2048K), 1 survivors (2048K)
 Metaspace       used 7254K, committed 7488K, reserved 1114112K
  class space    used 745K, committed 896K, reserved 1048576K
}
Event: 5.796 GC heap before
{Heap before GC invocations=8 (full 0):
 garbage-first heap   total 251904K, used 113723K [0x000000070a000000, 0x0000000800000000)
  region size 2048K, 3 young (6144K), 1 survivors (2048K)
 Metaspace       used 7346K, committed 7552K, reserved 1114112K
  class space    used 745K, committed 896K, reserved 1048576K
}

